app/build/outputs/logs/manifest-merger-debug-report.txt
-- Merging decision tree log ---
manifest
ADDED from src/main/AndroidManifest.xml:2:1-91:12
	package
		ADDED from src/main/AndroidManifest.xml:3:5-30
		INJECTED from src/main/AndroidManifest.xml
		INJECTED from src/main/AndroidManifest.xml
	android:versionName
		ADDED from src/main/AndroidManifest.xml:5:5-30
		INJECTED from src/main/AndroidManifest.xml
		INJECTED from src/main/AndroidManifest.xml
	android:versionCode
		ADDED from src/main/AndroidManifest.xml:4:5-28
		INJECTED from src/main/AndroidManifest.xml
		INJECTED from src/main/AndroidManifest.xml
	xmlns:android
		ADDED from src/main/AndroidManifest.xml:2:11-69
uses-sdk
ADDED from src/main/AndroidManifest.xml:7:5-9:41
MERGED from [com.android.support:multidex:1.0.1] AndroidManifest.xml:18:5-42
MERGED from [com.android.support:appcompat-v7:18.0.0] AndroidManifest.xml:18:5-42
MERGED from [com.android.support:support-v4:21.0.3] AndroidManifest.xml:15:5-42
MERGED from [io.reactivex:rxandroid:1.2.1] AndroidManifest.xml:19:5-43
MERGED from [com.android.support:recyclerview-v7:21.0.3] AndroidManifest.xml:15:5-42
MERGED from [com.android.support:cardview-v7:21.0.3] AndroidManifest.xml:15:5-42
	android:targetSdkVersion
		ADDED from src/main/AndroidManifest.xml:9:9-38
		INJECTED from src/main/AndroidManifest.xml
		INJECTED from src/main/AndroidManifest.xml
	android:minSdkVersion
		ADDED from src/main/AndroidManifest.xml:8:9-34
		INJECTED from src/main/AndroidManifest.xml
		INJECTED from src/main/AndroidManifest.xml
uses-feature#android.hardware.usb.host
ADDED from src/main/AndroidManifest.xml:11:5-62
	android:name
		ADDED from src/main/AndroidManifest.xml:11:19-59
uses-permission#android.permission.INTERNET
ADDED from src/main/AndroidManifest.xml:14:5-66
	android:name
		ADDED from src/main/AndroidManifest.xml:14:22-64
uses-permission#android.permission.WRITE_EXTERNAL_STORAGE
ADDED from src/main/AndroidManifest.xml:16:5-80
	android:name
		ADDED from src/main/AndroidManifest.xml:16:22-78
uses-permission#android.permission.ACCESS_NETWORK_STATE
ADDED from src/main/AndroidManifest.xml:18:5-78
	android:name
		ADDED from src/main/AndroidManifest.xml:18:22-76
uses-permission#android.permission.ACCESS_WIFI_STATE
ADDED from src/main/AndroidManifest.xml:20:5-75
	android:name
		ADDED from src/main/AndroidManifest.xml:20:22-73
uses-permission#android.permission.READ_PHONE_STATE
ADDED from src/main/AndroidManifest.xml:22:5-74
	android:name
		ADDED from src/main/AndroidManifest.xml:22:22-72
uses-permission#android.permission.ACCESS_COARSE_LOCATION
ADDED from src/main/AndroidManifest.xml:24:5-80
	android:name
		ADDED from src/main/AndroidManifest.xml:24:22-78
uses-permission#android.permission.ACCESS_FINE_LOCATION
ADDED from src/main/AndroidManifest.xml:28:5-78
	android:name
		ADDED from src/main/AndroidManifest.xml:28:22-76
uses-permission#android.permission.CHANGE_WIFI_STATE
ADDED from src/main/AndroidManifest.xml:34:5-75
	android:name
		ADDED from src/main/AndroidManifest.xml:34:22-73
uses-permission#android.permission.ACCESS_LOCATION_EXTRA_COMMANDS
ADDED from src/main/AndroidManifest.xml:40:5-88
	android:name
		ADDED from src/main/AndroidManifest.xml:40:22-86
uses-permission#android.permission.BLUETOOTH
ADDED from src/main/AndroidManifest.xml:42:5-67
	android:name
		ADDED from src/main/AndroidManifest.xml:42:22-65
uses-permission#android.permission.BLUETOOTH_ADMIN
ADDED from src/main/AndroidManifest.xml:43:5-73
	android:name
		ADDED from src/main/AndroidManifest.xml:43:22-71
application
ADDED from src/main/AndroidManifest.xml:45:5-89:19
MERGED from [com.android.support:appcompat-v7:18.0.0] AndroidManifest.xml:19:5-20
MERGED from [com.android.support:support-v4:21.0.3] AndroidManifest.xml:16:5-19
MERGED from [com.android.support:recyclerview-v7:21.0.3] AndroidManifest.xml:17:5-19:19
MERGED from [com.android.support:cardview-v7:21.0.3] AndroidManifest.xml:16:5-19
	android:label
		ADDED from src/main/AndroidManifest.xml:48:9-41
	android:allowBackup
		ADDED from src/main/AndroidManifest.xml:46:9-35
	android:icon
		ADDED from src/main/AndroidManifest.xml:47:9-38
	android:theme
		ADDED from src/main/AndroidManifest.xml:49:9-40
	android:name
		ADDED from src/main/AndroidManifest.xml:50:9-31
activity#com.example.hrv.BootActivity
ADDED from src/main/AndroidManifest.xml:52:9-65:20
	android:label
		ADDED from src/main/AndroidManifest.xml:54:13-45
	android:name
		ADDED from src/main/AndroidManifest.xml:53:13-41
intent-filter#android.hardware.usb.action.USB_DEVICE_ATTACHED+android.intent.action.MAIN+android.intent.category.LAUNCHER
ADDED from src/main/AndroidManifest.xml:55:13-60:29
action#android.hardware.usb.action.USB_DEVICE_ATTACHED
ADDED from src/main/AndroidManifest.xml:56:17-90
	android:name
		ADDED from src/main/AndroidManifest.xml:56:25-87
action#android.intent.action.MAIN
ADDED from src/main/AndroidManifest.xml:57:17-69
	android:name
		ADDED from src/main/AndroidManifest.xml:57:25-66
category#android.intent.category.LAUNCHER
ADDED from src/main/AndroidManifest.xml:59:17-77
	android:name
		ADDED from src/main/AndroidManifest.xml:59:27-74
meta-data#android.hardware.usb.action.USB_DEVICE_ATTACHED
ADDED from src/main/AndroidManifest.xml:62:13-64:57
	android:resource
		ADDED from src/main/AndroidManifest.xml:64:17-54
	android:name
		ADDED from src/main/AndroidManifest.xml:63:17-79
activity#com.hrv.HRV
ADDED from src/main/AndroidManifest.xml:66:9-48
	android:name
		ADDED from src/main/AndroidManifest.xml:66:19-45
activity#com.hrv.RecordDetial
ADDED from src/main/AndroidManifest.xml:67:9-57
	android:name
		ADDED from src/main/AndroidManifest.xml:67:19-54
activity#com.login.LoadingActivity
ADDED from src/main/AndroidManifest.xml:68:9-70:52
	android:theme
		ADDED from src/main/AndroidManifest.xml:70:13-49
	android:name
		ADDED from src/main/AndroidManifest.xml:69:13-53
activity#com.login.RegistActivity
ADDED from src/main/AndroidManifest.xml:71:9-61
	android:name
		ADDED from src/main/AndroidManifest.xml:71:19-58
activity#com.hrv.XindianActivity
ADDED from src/main/AndroidManifest.xml:72:9-60
	android:name
		ADDED from src/main/AndroidManifest.xml:72:19-57
activity#com.historyActivity.HistoryActivity
ADDED from src/main/AndroidManifest.xml:73:9-72
	android:name
		ADDED from src/main/AndroidManifest.xml:73:19-69
activity#com.historyActivity.PanelActivity
ADDED from src/main/AndroidManifest.xml:74:9-70
	android:name
		ADDED from src/main/AndroidManifest.xml:74:19-67
activity#com.roundProgressbar.BreathGuideActivity
ADDED from src/main/AndroidManifest.xml:75:9-77
	android:name
		ADDED from src/main/AndroidManifest.xml:75:19-74
activity#com.roundProgressbar.HelpActivity
ADDED from src/main/AndroidManifest.xml:76:9-70
	android:name
		ADDED from src/main/AndroidManifest.xml:76:19-67
activity#com.userInfoActivity.UserInfoActivity
ADDED from src/main/AndroidManifest.xml:77:9-74
	android:name
		ADDED from src/main/AndroidManifest.xml:77:19-71
activity#com.example.hrv.FirstActivity
ADDED from src/main/AndroidManifest.xml:78:9-51
	android:name
		ADDED from src/main/AndroidManifest.xml:78:19-48
activity#com.example.hrv.MainActivity
ADDED from src/main/AndroidManifest.xml:79:9-50
	android:name
		ADDED from src/main/AndroidManifest.xml:79:19-47
activity#com.example.hrv.FourthActivity
ADDED from src/main/AndroidManifest.xml:80:9-52
	android:name
		ADDED from src/main/AndroidManifest.xml:80:19-49
activity#com.example.hrv.HealthyTipsDetailActivity
ADDED from src/main/AndroidManifest.xml:81:9-63
	android:name
		ADDED from src/main/AndroidManifest.xml:81:19-60
activity#com.example.hrv.ThirdActivity
ADDED from src/main/AndroidManifest.xml:82:9-50
	android:name
		ADDED from src/main/AndroidManifest.xml:82:19-48
activity#com.login.LoginActivity
ADDED from src/main/AndroidManifest.xml:83:9-59
	android:name
		ADDED from src/main/AndroidManifest.xml:83:19-57
activity#com.example.hrv.UserHelpActivity
ADDED from src/main/AndroidManifest.xml:84:9-53
	android:name
		ADDED from src/main/AndroidManifest.xml:84:19-51
meta-data#com.amap.api.v2.apikey
ADDED from src/main/AndroidManifest.xml:85:9-87:63
	android:value
		ADDED from src/main/AndroidManifest.xml:87:13-61
	android:name
		ADDED from src/main/AndroidManifest.xml:86:13-50
service#com.amap.api.location.APSService
ADDED from src/main/AndroidManifest.xml:88:9-67
	android:name
		ADDED from src/main/AndroidManifest.xml:88:18-65
activity#android.support.v7.widget.TestActivity
ADDED from [com.android.support:recyclerview-v7:21.0.3] AndroidManifest.xml:18:9-115
	android:label
		ADDED from [com.android.support:recyclerview-v7:21.0.3] AndroidManifest.xml:18:19-59
	android:name
		ADDED from [com.android.support:recyclerview-v7:21.0.3] AndroidManifest.xml:18:60-113